<?xml version="1.0" encoding="UTF-8"?>
<!-- Generated by org.testng.reporters.JUnitReportReporter -->
<testsuite skipped="0" hostname="ip-172-31-87-16" name="restAPIBDD.GetRequest" tests="1" failures="0" timestamp="03 Dec 2021 04:09:02 GMT" time="2.153" errors="0">
  <testcase name="GetCall" time="2.153" classname="restAPIBDD.GetRequest"/>
</testsuite> <!-- restAPIBDD.GetRequest -->
