<?xml version="1.0" encoding="UTF-8"?>
<!-- Generated by org.testng.reporters.JUnitReportReporter -->
<testsuite skipped="0" hostname="ip-172-31-87-16" name="restAPI.PostRequestWithJSONObject" tests="1" failures="0" timestamp="02 Dec 2021 04:39:45 GMT" time="1.908" errors="0">
  <testcase name="PostCall" time="1.908" classname="restAPI.PostRequestWithJSONObject"/>
</testsuite> <!-- restAPI.PostRequestWithJSONObject -->
