<?xml version="1.0" encoding="UTF-8"?>
<!-- Generated by org.testng.reporters.JUnitReportReporter -->
<testsuite skipped="0" hostname="ip-172-31-87-16" name="restAPIBDD.PutRequest" tests="1" failures="0" timestamp="03 Dec 2021 04:06:06 GMT" time="1.748" errors="0">
  <testcase name="PutCall" time="1.748" classname="restAPIBDD.PutRequest"/>
</testsuite> <!-- restAPIBDD.PutRequest -->
