<?xml version="1.0" encoding="UTF-8"?>
<!-- Generated by org.testng.reporters.JUnitReportReporter -->
<testsuite skipped="0" hostname="ip-172-31-87-16" name="restAPI.GetRequest" tests="1" failures="0" timestamp="30 Nov 2021 07:21:08 GMT" time="2.147" errors="0">
  <testcase name="GetCall" time="2.147" classname="restAPI.GetRequest"/>
</testsuite> <!-- restAPI.GetRequest -->
